[    0.000000] Initializing cgroup subsys cpuset
[    0.000000] Initializing cgroup subsys cpu
[    0.000000] Initializing cgroup subsys cpuacct
[    0.000000] Linux version 4.4.0-146-generic (buildd@lcy01-amd64-025) (gcc version 5.4.0 20160609 (Ubuntu 5.4.0-6ubuntu1~16.04.10) ) #172-Ubuntu SMP Wed Apr 3 09:00:08 UTC 2019 (Ubuntu 4.4.0-146.172-generic 4.4.177)
[    0.000000] Command line: BOOT_IMAGE=/boot/vmlinuz-4.4.0-146-generic root=LABEL=cloudimg-rootfs ro console=tty1 console=ttyS0
[    0.000000] KERNEL supported cpus:
[    0.000000]   Intel GenuineIntel
[    0.000000]   AMD AuthenticAMD
[    0.000000]   Centaur CentaurHauls
[    0.000000] x86/fpu: Legacy x87 FPU detected.
[    0.000000] e820: BIOS-provided physical RAM map:
[    0.000000] BIOS-e820: [mem 0x0000000000000000-0x000000000009fbff] usable
[    0.000000] BIOS-e820: [mem 0x000000000009fc00-0x000000000009ffff] reserved
[    0.000000] BIOS-e820: [mem 0x00000000000f0000-0x00000000000fffff] reserved
[    0.000000] BIOS-e820: [mem 0x0000000000100000-0x000000003ffeffff] usable
[    0.000000] BIOS-e820: [mem 0x000000003fff0000-0x000000003fffffff] ACPI data
[    0.000000] BIOS-e820: [mem 0x00000000fec00000-0x00000000fec00fff] reserved
[    0.000000] BIOS-e820: [mem 0x00000000fee00000-0x00000000fee00fff] reserved
[    0.000000] BIOS-e820: [mem 0x00000000fffc0000-0x00000000ffffffff] reserved
[    0.000000] NX (Execute Disable) protection: active
[    0.000000] SMBIOS 2.5 present.
[    0.000000] Hypervisor detected: KVM
[    0.000000] e820: last_pfn = 0x3fff0 max_arch_pfn = 0x400000000
[    0.000000] MTRR: Disabled
[    0.000000] x86/PAT: MTRRs disabled, skipping PAT initialization too.
[    0.000000] CPU MTRRs all blank - virtualized system.
[    0.000000] x86/PAT: Configuration [0-7]: WB  WT  UC- UC  WB  WT  UC- UC  
[    0.000000] found SMP MP-table at [mem 0x0009fff0-0x0009ffff] mapped at [ffff88000009fff0]
[    0.000000] Scanning 1 areas for low memory corruption
[    0.000000] RAMDISK: [mem 0x362fa000-0x37174fff]
[    0.000000] ACPI: Early table checksum verification disabled
[    0.000000] ACPI: RSDP 0x00000000000E0000 000024 (v02 VBOX  )
[    0.000000] ACPI: XSDT 0x000000003FFF0030 00003C (v01 VBOX   VBOXXSDT 00000001 ASL  00000061)
[    0.000000] ACPI: FACP 0x000000003FFF00F0 0000F4 (v04 VBOX   VBOXFACP 00000001 ASL  00000061)
[    0.000000] ACPI: DSDT 0x000000003FFF0470 0022EA (v02 VBOX   VBOXBIOS 00000002 INTL 20100528)
[    0.000000] ACPI: FACS 0x000000003FFF0200 000040
[    0.000000] ACPI: FACS 0x000000003FFF0200 000040
[    0.000000] ACPI: APIC 0x000000003FFF0240 00005C (v02 VBOX   VBOXAPIC 00000001 ASL  00000061)
[    0.000000] ACPI: SSDT 0x000000003FFF02A0 0001CC (v01 VBOX   VBOXCPUT 00000002 INTL 20100528)
[    0.000000] No NUMA configuration found
[    0.000000] Faking a node at [mem 0x0000000000000000-0x000000003ffeffff]
[    0.000000] NODE_DATA(0) allocated [mem 0x3ffeb000-0x3ffeffff]
[    0.000000] kvm-clock: Using msrs 4b564d01 and 4b564d00
[    0.000000] kvm-clock: cpu 0, msr 0:3ffe3001, primary cpu clock
[    0.000000] kvm-clock: using sched offset of 9313034467 cycles
[    0.000000] clocksource: kvm-clock: mask: 0xffffffffffffffff max_cycles: 0x1cd42e4dffb, max_idle_ns: 881590591483 ns
[    0.000000] Zone ranges:
[    0.000000]   DMA      [mem 0x0000000000001000-0x0000000000ffffff]
[    0.000000]   DMA32    [mem 0x0000000001000000-0x000000003ffeffff]
[    0.000000]   Normal   empty
[    0.000000]   Device   empty
[    0.000000] Movable zone start for each node
[    0.000000] Early memory node ranges
[    0.000000]   node   0: [mem 0x0000000000001000-0x000000000009efff]
[    0.000000]   node   0: [mem 0x0000000000100000-0x000000003ffeffff]
[    0.000000] Initmem setup node 0 [mem 0x0000000000001000-0x000000003ffeffff]
[    0.000000] ACPI: PM-Timer IO Port: 0x4008
[    0.000000] IOAPIC[0]: apic_id 2, version 32, address 0xfec00000, GSI 0-23
[    0.000000] ACPI: INT_SRC_OVR (bus 0 bus_irq 0 global_irq 2 dfl dfl)
[    0.000000] ACPI: INT_SRC_OVR (bus 0 bus_irq 9 global_irq 9 low level)
[    0.000000] Using ACPI (MADT) for SMP configuration information
[    0.000000] smpboot: Allowing 2 CPUs, 0 hotplug CPUs
[    0.000000] PM: Registered nosave memory: [mem 0x00000000-0x00000fff]
[    0.000000] PM: Registered nosave memory: [mem 0x0009f000-0x0009ffff]
[    0.000000] PM: Registered nosave memory: [mem 0x000a0000-0x000effff]
[    0.000000] PM: Registered nosave memory: [mem 0x000f0000-0x000fffff]
[    0.000000] e820: [mem 0x40000000-0xfebfffff] available for PCI devices
[    0.000000] Booting paravirtualized kernel on KVM
[    0.000000] clocksource: refined-jiffies: mask: 0xffffffff max_cycles: 0xffffffff, max_idle_ns: 7645519600211568 ns
[    0.000000] setup_percpu: NR_CPUS:512 nr_cpumask_bits:512 nr_cpu_ids:2 nr_node_ids:1
[    0.000000] PERCPU: Embedded 34 pages/cpu @ffff88003fc00000 s99480 r8192 d31592 u1048576
[    0.000000] Built 1 zonelists in Node order, mobility grouping on.  Total pages: 257912
[    0.000000] Policy zone: DMA32
[    0.000000] Kernel command line: BOOT_IMAGE=/boot/vmlinuz-4.4.0-146-generic root=LABEL=cloudimg-rootfs ro console=tty1 console=ttyS0
[    0.000000] PID hash table entries: 4096 (order: 3, 32768 bytes)
[    0.000000] Memory: 997732K/1048120K available (8609K kernel code, 1334K rwdata, 4028K rodata, 1484K init, 1284K bss, 50388K reserved, 0K cma-reserved)
[    0.000000] SLUB: HWalign=64, Order=0-3, MinObjects=0, CPUs=2, Nodes=1
[    0.000000] Kernel/User page tables isolation: enabled
[    0.000000] Hierarchical RCU implementation.
[    0.000000] 	Build-time adjustment of leaf fanout to 64.
[    0.000000] 	RCU restricting CPUs from NR_CPUS=512 to nr_cpu_ids=2.
[    0.000000] RCU: Adjusting geometry for rcu_fanout_leaf=64, nr_cpu_ids=2
[    0.000000] NR_IRQS:33024 nr_irqs:440 16
[    0.000000] Console: colour VGA+ 80x25
[    0.000000] console [tty1] enabled
[    0.000000] console [ttyS0] enabled
[    0.000000] tsc: Detected 1599.907 MHz processor
[    0.569874] Calibrating delay loop (skipped) preset value.. 3199.81 BogoMIPS (lpj=6399628)
[    0.578829] pid_max: default: 32768 minimum: 301
[    0.582430] ACPI: Core revision 20150930
[    0.589338] ACPI: 2 ACPI AML tables successfully acquired and loaded
[    0.596480] Security Framework initialized
[    0.601065] Yama: becoming mindful.
[    0.604842] AppArmor: AppArmor initialized
[    0.609454] Dentry cache hash table entries: 131072 (order: 8, 1048576 bytes)
[    0.620833] Inode-cache hash table entries: 65536 (order: 7, 524288 bytes)
[    0.625527] Mount-cache hash table entries: 2048 (order: 2, 16384 bytes)
[    0.629721] Mountpoint-cache hash table entries: 2048 (order: 2, 16384 bytes)
[    0.636745] Initializing cgroup subsys io
[    0.640166] Initializing cgroup subsys memory
[    0.643142] Initializing cgroup subsys devices
[    0.646245] Initializing cgroup subsys freezer
[    0.650634] Initializing cgroup subsys net_cls
[    0.655238] Initializing cgroup subsys perf_event
[    0.658328] Initializing cgroup subsys net_prio
[    0.661510] Initializing cgroup subsys hugetlb
[    0.665958] Initializing cgroup subsys pids
[    0.680082] mce: CPU supports 0 MCE banks
[    0.682896] Last level iTLB entries: 4KB 48, 2MB 0, 4MB 0
[    0.686266] Last level dTLB entries: 4KB 256, 2MB 16, 4MB 16, 1GB 0
[    0.691002] Spectre V2 : Mitigation: Full generic retpoline
[    0.696136] Spectre V2 : Spectre v2 / SpectreRSB mitigation: Filling RSB on context switch
[    0.713716] Freeing SMP alternatives memory: 36K
[    0.736229] ftrace: allocating 32287 entries in 127 pages
[    0.939208] smpboot: APIC(0) Converting physical 0 to logical package 0
[    0.945039] smpboot: Max logical packages: 1
[    0.949649] x2apic enabled
[    0.953762] Switched APIC routing to physical x2apic.
[    0.962042] ..TIMER: vector=0x30 apic1=0 pin1=2 apic2=-1 pin2=-1
[    1.072022] smpboot: CPU0: Intel(R) Celeron(R) CPU  N3050  @ 1.60GHz (family: 0x6, model: 0x4c, stepping: 0x3)
[    1.084838] Performance Events: unsupported p6 CPU model 76 no PMU driver, software events only.
[    1.114151] KVM setup paravirtual spinlock
[    1.120833] x86: Booting SMP configuration:
[    1.125656] .... node  #0, CPUs:      #1
[    1.129311] kvm-clock: cpu 1, msr 0:3ffe3041, secondary cpu clock
[    1.148247] mce: CPU supports 0 MCE banks
[    1.152687] x86: Booted up 1 node, 2 CPUs
[    1.156396] smpboot: Total of 2 processors activated (6399.62 BogoMIPS)
[    1.162711] devtmpfs: initialized
[    1.171655] evm: security.selinux
[    1.175076] evm: security.SMACK64
[    1.179336] evm: security.SMACK64EXEC
[    1.182157] evm: security.SMACK64TRANSMUTE
[    1.185206] evm: security.SMACK64MMAP
[    1.188030] evm: security.ima
[    1.190545] evm: security.capability
[    1.193739] clocksource: jiffies: mask: 0xffffffff max_cycles: 0xffffffff, max_idle_ns: 7645041785100000 ns
[    1.205532] futex hash table entries: 512 (order: 3, 32768 bytes)
[    1.211387] pinctrl core: initialized pinctrl subsystem
[    1.216226] RTC time: 13:47:50, date: 05/04/19
[    1.220805] NET: Registered protocol family 16
[    1.242206] cpuidle: using governor ladder
[    1.257595] cpuidle: using governor menu
[    1.260668] PCCT header not found.
[    1.263343] ACPI: bus type PCI registered
[    1.268530] acpiphp: ACPI Hot Plug PCI Controller Driver version: 0.5
[    1.274184] PCI: Using configuration type 1 for base access
[    1.297978] ACPI: Added _OSI(Module Device)
[    1.300920] ACPI: Added _OSI(Processor Device)
[    1.304091] ACPI: Added _OSI(3.0 _SCP Extensions)
[    1.307568] ACPI: Added _OSI(Processor Aggregator Device)
[    1.313759] ACPI: Executed 1 blocks of module-level executable AML code
[    1.332892] ACPI: Interpreter enabled
[    1.335538] ACPI: (supports S0 S5)
[    1.338141] ACPI: Using IOAPIC for interrupt routing
[    1.341837] PCI: Using host bridge windows from ACPI; if necessary, use "pci=nocrs" and report a bug
[    1.367426] ACPI: PCI Root Bridge [PCI0] (domain 0000 [bus 00-ff])
[    1.373069] acpi PNP0A03:00: _OSC: OS supports [ASPM ClockPM Segments MSI]
[    1.378269] acpi PNP0A03:00: _OSC: not requesting OS control; OS requires [ExtendedConfig ASPM ClockPM MSI]
[    1.385167] acpi PNP0A03:00: fail to add MMCONFIG information, can't access extended PCI configuration space under this bridge.
[    1.393477] PCI host bridge to bus 0000:00
[    1.397822] pci_bus 0000:00: root bus resource [io  0x0000-0x0cf7 window]
[    1.403864] pci_bus 0000:00: root bus resource [io  0x0d00-0xffff window]
[    1.409627] pci_bus 0000:00: root bus resource [mem 0x000a0000-0x000bffff window]
[    1.415584] pci_bus 0000:00: root bus resource [mem 0x40000000-0xfdffffff window]
[    1.421436] pci_bus 0000:00: root bus resource [bus 00-ff]
[    1.430532] pci 0000:00:01.1: legacy IDE quirk: reg 0x10: [io  0x01f0-0x01f7]
[    1.435341] pci 0000:00:01.1: legacy IDE quirk: reg 0x14: [io  0x03f6]
[    1.441902] pci 0000:00:01.1: legacy IDE quirk: reg 0x18: [io  0x0170-0x0177]
[    1.448480] pci 0000:00:01.1: legacy IDE quirk: reg 0x1c: [io  0x0376]
[    1.529642] pci 0000:00:07.0: quirk: [io  0x4000-0x403f] claimed by PIIX4 ACPI
[    1.534856] pci 0000:00:07.0: quirk: [io  0x4100-0x410f] claimed by PIIX4 SMB
[    1.585748] ACPI: PCI Interrupt Link [LNKA] (IRQs 5 9 10 *11)
[    1.591460] ACPI: PCI Interrupt Link [LNKB] (IRQs 5 9 *10 11)
[    1.596312] ACPI: PCI Interrupt Link [LNKC] (IRQs 5 *9 10 11)
[    1.601439] ACPI: PCI Interrupt Link [LNKD] (IRQs 5 9 10 *11)
[    1.606577] ACPI: Enabled 2 GPEs in block 00 to 07
[    1.611002] vgaarb: setting as boot device: PCI:0000:00:02.0
[    1.614627] vgaarb: device added: PCI:0000:00:02.0,decodes=io+mem,owns=io+mem,locks=none
[    1.659686] vgaarb: loaded
[    1.663167] vgaarb: bridge control possible 0000:00:02.0
[    1.667065] SCSI subsystem initialized
[    1.672165] ACPI: bus type USB registered
[    1.676485] usbcore: registered new interface driver usbfs
[    1.680529] usbcore: registered new interface driver hub
[    1.684059] usbcore: registered new device driver usb
[    1.687786] PCI: Using ACPI for IRQ routing
[    1.691733] NetLabel: Initializing
[    1.695478] NetLabel:  domain hash size = 128
[    1.700286] NetLabel:  protocols = UNLABELED CIPSOv4
[    1.708183] NetLabel:  unlabeled traffic allowed by default
[    1.713028] amd_nb: Cannot enumerate AMD northbridges
[    1.716667] clocksource: Switched to clocksource kvm-clock
[    1.753847] AppArmor: AppArmor Filesystem Enabled
[    1.761298] pnp: PnP ACPI init
[    1.767410] pnp: PnP ACPI: found 3 devices
[    1.792061] clocksource: acpi_pm: mask: 0xffffff max_cycles: 0xffffff, max_idle_ns: 2085701024 ns
[    1.813551] NET: Registered protocol family 2
[    1.827337] TCP established hash table entries: 8192 (order: 4, 65536 bytes)
[    1.838727] TCP bind hash table entries: 8192 (order: 5, 131072 bytes)
[    1.842936] TCP: Hash tables configured (established 8192 bind 8192)
[    1.847887] UDP hash table entries: 512 (order: 2, 16384 bytes)
[    1.853605] UDP-Lite hash table entries: 512 (order: 2, 16384 bytes)
[    1.859590] NET: Registered protocol family 1
[    1.864184] pci 0000:00:00.0: Limiting direct PCI/PCI transfers
[    1.869842] pci 0000:00:01.0: Activating ISA DMA hang workarounds
[    1.881004] Unpacking initramfs...
[    2.647248] Freeing initrd memory: 14828K
[    2.651013] platform rtc_cmos: registered platform RTC device (no PNP device found)
[    2.658686] Scanning for low memory corruption every 60 seconds
[    2.663937] audit: initializing netlink subsys (disabled)
[    2.668103] audit: type=2000 audit(1556977681.609:1): initialized
[    2.676272] Initialise system trusted keyring
[    2.686672] HugeTLB registered 2 MB page size, pre-allocated 0 pages
[    2.697514] zbud: loaded
[    2.701760] VFS: Disk quotas dquot_6.6.0
[    2.704554] VFS: Dquot-cache hash table entries: 512 (order 0, 4096 bytes)
[    2.710363] squashfs: version 4.0 (2009/01/31) Phillip Lougher
[    2.715925] fuse init (API version 7.23)
[    2.726293] Key type big_key registered
[    2.730600] Allocating IMA MOK and blacklist keyrings.
[    2.738857] Key type asymmetric registered
[    2.742040] Asymmetric key parser 'x509' registered
[    2.745660] Block layer SCSI generic (bsg) driver version 0.4 loaded (major 249)
[    2.751348] io scheduler noop registered
[    2.754560] io scheduler deadline registered (default)
[    2.758323] io scheduler cfq registered
[    2.768070] pci_hotplug: PCI Hot Plug PCI Core version: 0.5
[    2.774272] pciehp: PCI Express Hot Plug Controller Driver version: 0.4
[    2.779875] ACPI: AC Adapter [AC] (on-line)
[    2.784861] input: Power Button as /devices/LNXSYSTM:00/LNXPWRBN:00/input/input0
[    2.794245] ACPI: Power Button [PWRF]
[    2.798599] input: Sleep Button as /devices/LNXSYSTM:00/LNXSLPBN:00/input/input1
[    2.805671] ACPI: Sleep Button [SLPF]
[    2.810661] GHES: HEST is not enabled!
[    2.813862] Serial: 8250/16550 driver, 32 ports, IRQ sharing enabled
[    2.816337] ACPI: Battery Slot [BAT0] (battery present)
[    2.849864] 00:02: ttyS0 at I/O 0x3f8 (irq = 4, base_baud = 115200) is a 16550A
[    2.861332] Linux agpgart interface v0.103
[    2.873181] loop: module loaded
[    2.877956] scsi host0: ata_piix
[    2.884790] scsi host1: ata_piix
[    2.887453] ata1: PATA max UDMA/33 cmd 0x1f0 ctl 0x3f6 bmdma 0xd000 irq 14
[    2.895925] ata2: PATA max UDMA/33 cmd 0x170 ctl 0x376 bmdma 0xd008 irq 15
[    2.904035] libphy: Fixed MDIO Bus: probed
[    2.907604] tun: Universal TUN/TAP device driver, 1.6
[    2.912542] tun: (C) 1999-2004 Max Krasnyansky <maxk@qualcomm.com>
[    2.917678] PPP generic driver version 2.4.2
[    2.922330] ehci_hcd: USB 2.0 'Enhanced' Host Controller (EHCI) Driver
[    2.927855] ehci-pci: EHCI PCI platform driver
[    2.933245] ehci-platform: EHCI generic platform driver
[    2.938814] ohci_hcd: USB 1.1 'Open' Host Controller (OHCI) Driver
[    2.944813] ohci-pci: OHCI PCI platform driver
[    2.949015] ohci-platform: OHCI generic platform driver
[    2.954555] uhci_hcd: USB Universal Host Controller Interface driver
[    2.961882] i8042: PNP: PS/2 Controller [PNP0303:PS2K,PNP0f03:PS2M] at 0x60,0x64 irq 1,12
[    2.974502] serio: i8042 KBD port at 0x60,0x64 irq 1
[    2.979742] serio: i8042 AUX port at 0x60,0x64 irq 12
[    2.987413] mousedev: PS/2 mouse device common for all mice
[    2.995986] input: AT Translated Set 2 keyboard as /devices/platform/i8042/serio0/input/input2
[    3.004687] rtc_cmos rtc_cmos: rtc core: registered rtc_cmos as rtc0
[    3.009365] rtc_cmos rtc_cmos: alarms up to one day, 114 bytes nvram
[    3.014048] i2c /dev entries driver
[    3.017268] device-mapper: uevent: version 1.0.3
[    3.021156] device-mapper: ioctl: 4.34.0-ioctl (2015-10-28) initialised: dm-devel@redhat.com
[    3.027286] ledtrig-cpu: registered to indicate activity on CPUs
[    3.032730] NET: Registered protocol family 10
[    3.037041] NET: Registered protocol family 17
[    3.040105] Key type dns_resolver registered
[    3.044510] registered taskstats version 1
[    3.047771] Loading compiled-in X.509 certificates
[    3.053752] Loaded X.509 cert 'Build time autogenerated kernel key: 4dcb2dc2c7cf43e0c20c44384f68683c20294489'
[    3.062552] zswap: loaded using pool lzo/zbud
[    3.073491] Key type trusted registered
[    3.089366] Key type encrypted registered
[    3.093383] AppArmor: AppArmor sha1 policy hashing enabled
[    3.102763] ima: No TPM chip found, activating TPM-bypass!
[    3.106567] ima: Allocated hash algorithm: sha1
[    3.109937] evm: HMAC attrs: 0x1
[    3.113614]   Magic number: 3:906:785
[    3.116217]   hash matches /build/linux-LvuLLO/linux-4.4.0/drivers/base/power/main.c:1065
[    3.125209] rtc_cmos rtc_cmos: setting system clock to 2019-05-04 13:47:52 UTC (1556977672)
[    3.135853] BIOS EDD facility v0.16 2004-Jun-25, 0 devices found
[    3.141754] EDD information not available.
[    3.148590] Freeing unused kernel memory: 1484K
[    3.161358] Write protecting the kernel read-only data: 14336k
[    3.176297] Freeing unused kernel memory: 1620K
[    3.188959] Freeing unused kernel memory: 68K
Loading, please wait...
starting version 229
[    3.276795] random: systemd-udevd: uninitialized urandom read (16 bytes read, 3 bits of entropy available)
[    3.280681] random: udevadm: uninitialized urandom read (16 bytes read, 3 bits of entropy available)
[    3.280752] random: udevadm: uninitialized urandom read (16 bytes read, 3 bits of entropy available)
[    3.320970] random: systemd-udevd: uninitialized urandom read (16 bytes read, 3 bits of entropy available)
[    3.335884] random: udevadm: uninitialized urandom read (16 bytes read, 3 bits of entropy available)
[    3.336122] random: udevadm: uninitialized urandom read (16 bytes read, 3 bits of entropy available)
[    3.336613] random: udevadm: uninitialized urandom read (16 bytes read, 3 bits of entropy available)
[    3.336799] random: udevadm: uninitialized urandom read (16 bytes read, 3 bits of entropy available)
[    3.337100] random: udevadm: uninitialized urandom read (16 bytes read, 3 bits of entropy available)
[    3.337290] random: udevadm: uninitialized urandom read (16 bytes read, 3 bits of entropy available)
[    3.613965] e1000: Intel(R) PRO/1000 Network Driver - version 7.3.21-k8-NAPI
[    3.621059] e1000: Copyright (c) 1999-2006 Intel Corporation.
[    3.641275] Fusion MPT base driver 3.04.20
[    3.645457] Copyright (c) 1999-2008 LSI Corporation
[    3.652925] tsc: Refined TSC clocksource calibration: 1599.235 MHz
[    3.664355] clocksource: tsc: mask: 0xffffffffffffffff max_cycles: 0x170d52442b1, max_idle_ns: 440795232749 ns
[    3.797657] Fusion MPT SPI Host driver 3.04.20
[    3.813723] SSE version of gcm_enc/dec engaged.
[    3.909599] input: ImExPS/2 Generic Explorer Mouse as /devices/platform/i8042/serio1/input/input4
[    4.398661] e1000 0000:00:03.0 eth0: (PCI:33MHz:32-bit) 02:ff:01:e3:7b:4e
[    4.404312] e1000 0000:00:03.0 eth0: Intel(R) PRO/1000 Network Connection
[    5.013477] e1000 0000:00:08.0 eth1: (PCI:33MHz:32-bit) 08:00:27:33:14:f6
[    5.018078] e1000 0000:00:08.0 eth1: Intel(R) PRO/1000 Network Connection
[    5.028352] mptbase: ioc0: Initiating bringup
[    5.036570] e1000 0000:00:03.0 enp0s3: renamed from eth0
[    5.058787] e1000 0000:00:08.0 enp0s8: renamed from eth1
[    5.097983] ioc0: LSI53C1030 A0: Capabilities={Initiator}
[    5.277210] scsi host2: ioc0: LSI53C1030 A0, FwRev=00000000h, Ports=1, MaxQ=256, IRQ=20
[    5.414649] scsi 2:0:0:0: Direct-Access     VBOX     HARDDISK         1.0  PQ: 0 ANSI: 5
[    5.422949] scsi target2:0:0: Beginning Domain Validation
[    5.431635] scsi target2:0:0: Domain Validation skipping write tests
[    5.437369] scsi target2:0:0: Ending Domain Validation
[    5.442265] scsi target2:0:0: asynchronous
[    5.450437] scsi 2:0:1:0: Direct-Access     VBOX     HARDDISK         1.0  PQ: 0 ANSI: 5
[    5.456311] scsi target2:0:1: Beginning Domain Validation
[    5.462508] scsi target2:0:1: Domain Validation skipping write tests
[    5.466418] scsi target2:0:1: Ending Domain Validation
[    5.471731] scsi target2:0:1: asynchronous
[    5.505750] sd 2:0:0:0: [sda] 20971520 512-byte logical blocks: (10.7 GB/10.0 GiB)
[    5.515653] sd 2:0:0:0: Attached scsi generic sg0 type 0
[    5.521433] sd 2:0:0:0: [sda] Write Protect is off
[    5.525308] sd 2:0:1:0: [sdb] 20480 512-byte logical blocks: (10.5 MB/10.0 MiB)
[    5.597118] sd 2:0:1:0: Attached scsi generic sg1 type 0
[    5.603055] sd 2:0:0:0: [sda] Incomplete mode parameter data
[    5.603632] sd 2:0:1:0: [sdb] Write Protect is off
[    5.604450] sd 2:0:1:0: [sdb] Incomplete mode parameter data
[    5.604453] sd 2:0:1:0: [sdb] Assuming drive cache: write through
[    5.631254] sd 2:0:1:0: [sdb] Attached SCSI disk
[    5.636532] sd 2:0:0:0: [sda] Assuming drive cache: write through
[    5.669292]  sda: sda1
[    5.675241] sd 2:0:0:0: [sda] Attached SCSI disk
Begin: Loading essential drivers ... [    8.370086] md: linear personality registered for level -1
[    8.383818] md: multipath personality registered for level -4
[    8.405198] md: raid0 personality registered for level 0
[    8.424697] md: raid1 personality registered for level 1
[    8.508881] raid6: sse2x1   gen()   584 MB/s
[    8.582634] raid6: sse2x1   xor()  2096 MB/s
[    8.653474] raid6: sse2x2   gen()   446 MB/s
[    8.721099] raid6: sse2x2   xor()  2349 MB/s
[    8.793289] raid6: sse2x4   gen()   495 MB/s
[    8.860797] raid6: sse2x4   xor()   802 MB/s
[    8.864951] raid6: using algorithm sse2x1 gen() 584 MB/s
[    8.868833] raid6: .... xor() 2096 MB/s, rmw enabled
[    8.872783] raid6: using ssse3x2 recovery algorithm
[    8.882754] xor: measuring software checksum speed
[    8.924781]    prefetch64-sse:  6616.000 MB/sec
[    8.964791]    generic_sse:  6103.000 MB/sec
[    8.967742] xor: using function: prefetch64-sse (6616.000 MB/sec)
[    8.986661] async_tx: api initialized (async)
[    9.028880] md: raid6 personality registered for level 6
[    9.034259] md: raid5 personality registered for level 5
[    9.037901] md: raid4 personality registered for level 4
[    9.070447] md: raid10 personality registered for level 10
done.
Begin: Running /scripts/init-premount ... done.
Begin: Mounting root file system ... Begin: Running /scripts/local-top ... done.
Begin: Running /scripts/local-premount ... [    9.217675] Btrfs loaded
Scanning for Btrfs filesystems
done.
Warning: fsck not present, so skipping root file system
[    9.487149] EXT4-fs (sda1): INFO: recovery required on readonly filesystem
[    9.494626] EXT4-fs (sda1): write access will be enabled during recovery
[   10.163734] random: nonblocking pool is initialized
[   11.014419] EXT4-fs (sda1): orphan cleanup on readonly fs
[   11.275686] EXT4-fs (sda1): 6 orphan inodes deleted
[   11.290906] EXT4-fs (sda1): recovery complete
[   11.305967] EXT4-fs (sda1): mounted filesystem with ordered data mode. Opts: (null)
done.
Begin: Running /scripts/local-bottom ... done.
Begin: Running /scripts/init-bottom ... done.
[   14.539442] systemd[1]: systemd 229 running in system mode. (+PAM +AUDIT +SELINUX +IMA +APPARMOR +SMACK +SYSVINIT +UTMP +LIBCRYPTSETUP +GCRYPT +GNUTLS +ACL +XZ -LZ4 +SECCOMP +BLKID +ELFUTILS +KMOD -IDN)
[   14.560518] systemd[1]: Detected virtualization oracle.
[   14.565412] systemd[1]: Detected architecture x86-64.

Welcome to [1mUbuntu 16.04.6 LTS[0m!

[   14.781719] systemd[1]: Set hostname to <ubuntu-xenial>.
[   19.136392] systemd[1]: Listening on Device-mapper event daemon FIFOs.
[[0;32m  OK  [0m] Listening on Device-mapper event daemon FIFOs.
[   19.144467] systemd[1]: Listening on Journal Socket (/dev/log).
[[0;32m  OK  [0m] Listening on Journal Socket (/dev/log).
[   19.151936] systemd[1]: Listening on udev Kernel Socket.
[[0;32m  OK  [0m] Listening on udev Kernel Socket.
[   19.161754] systemd[1]: Created slice System Slice.
[[0;32m  OK  [0m] Created slice System Slice.
[   19.171808] systemd[1]: Reached target User and Group Name Lookups.
[[0;32m  OK  [0m] Reached target User and Group Name Lookups.
[   19.179373] systemd[1]: Reached target Encrypted Volumes.
[[0;32m  OK  [0m] Reached target Encrypted Volumes.
[   19.187639] systemd[1]: Reached target System Time Synchronized.
[[0;32m  OK  [0m] Reached target System Time Synchronized.
[   19.198561] systemd[1]: Started Trigger resolvconf update for networkd DNS.
[[0;32m  OK  [0m] Started Trigger resolvconf update for networkd DNS.
[   19.209229] systemd[1]: Listening on /dev/initctl Compatibility Named Pipe.
[[0;32m  OK  [0m] Listening on /dev/initctl Compatibility Named Pipe.
[   19.218120] systemd[1]: Created slice system-serial\x2dgetty.slice.
[[0;32m  OK  [0m] Created slice system-serial\x2dgetty.slice.
[   19.225637] systemd[1]: Listening on Syslog Socket.
[[0;32m  OK  [0m] Listening on Syslog Socket.
[   19.231973] systemd[1]: Listening on udev Control Socket.
[[0;32m  OK  [0m] Listening on udev Control Socket.
[   19.239989] systemd[1]: Reached target Swap.
[[0;32m  OK  [0m] Reached target Swap.
[   19.253951] systemd[1]: Started Forward Password Requests to Wall Directory Watch.
[[0;32m  OK  [0m] Started Forward Password Requests to Wall Directory Watch.
[   19.271617] systemd[1]: Listening on Journal Audit Socket.
[[0;32m  OK  [0m] Listening on Journal Audit Socket.
[   19.278920] systemd[1]: Listening on LVM2 poll daemon socket.
[[0;32m  OK  [0m] Listening on LVM2 poll daemon socket.
[   19.304512] systemd[1]: Created slice User and Session Slice.
[[0;32m  OK  [0m] Created slice User and Session Slice.
[   19.313895] systemd[1]: Reached target Slices.
[[0;32m  OK  [0m] Reached target Slices.
[   19.320090] systemd[1]: Listening on Journal Socket.
[[0;32m  OK  [0m] Listening on Journal Socket.
[   19.361441] systemd[1]: Mounting Huge Pages File System...
         Mounting Huge Pages File System...
[   19.374300] systemd[1]: Starting Set console keymap...
         Starting Set console keymap...
[   19.384399] systemd[1]: Starting Journal Service...
         Starting Journal Service...
[   19.398491] systemd[1]: Starting Remount Root and Kernel File Systems...
         Starting Remount Root and Kernel File Systems...
[   19.413375] systemd[1]: Starting Uncomplicated firewall...
         Starting Uncomplicated firewall...
[   19.447074] systemd[1]: Mounting Debug File System...
         Mounting Debug File System...
[   19.469394] systemd[1]: Mounting POSIX Message Queue File System...
         Mounting POSIX Message Queue File System...
[   19.491250] systemd[1]: Starting Create list of required static device nodes for the current kernel...
         Starting Create list of required st... nodes for the current kernel...
[   19.520558] systemd[1]: Starting Nameserver information manager...
         Starting Nameserver information manager...
[   19.849683] systemd[1]: Starting Load Kernel Modules...
         Starting Load Kernel Modules...
[   19.860001] systemd[1]: Listening on LVM2 metadata daemon socket.
[[0;32m  OK  [0m] Listening on LVM2 metadata daemon socket.
[   19.871442] systemd[1]: Starting Monitoring of LVM2 mirrors, snapshots etc. using dmeventd or progress polling...
         Starting Monitoring of LVM2 mirrors... dmeventd or progress polling...
[   19.899476] systemd[1]: Set up automount Arbitrary Executable File Formats File System Automount Point.
[[0;32m  OK  [0m] Set up automount Arbitrary Executab...ats File System Automount Point.
[   20.182347] systemd[1]: Started Uncomplicated firewall.
[[0;32m  OK  [0m] Started Uncomplicated firewall.
[   20.193550] systemd[1]: Started Create list of required static device nodes for the current kernel.
[[0;32m  OK  [0m] Started Create list of required sta...ce nodes for the current kernel.
[   20.297404] systemd[1]: Starting Create Static Device Nodes in /dev...
         Starting Create Static Device Nodes in /dev...
[   20.382757] systemd[1]: Mounted Huge Pages File System.
[   20.390226] EXT4-fs (sda1): re-mounted. Opts: (null)
[[0;32m  OK  [0m] Mounted Huge Pages File System.
[   20.400061] systemd[1]: Mounted POSIX Message Queue File System.
[[0;32m  OK  [0m] Mounted POSIX Message Queue File System.
[   20.409907] systemd[1]: Mounted Debug File System.
[[0;32m  OK  [0m] Mounted Debug File System.
[   20.426037] systemd[1]: Started Remount Root and Kernel File Systems.
[[0;32m  OK  [0m] Started Remount Root and Kernel File Systems.
[   20.513264] systemd[1]: Starting Load/Save Random Seed...
         Starting Load/Save Random Seed...
[   21.201721] systemd[1]: Starting udev Coldplug all Devices...
         Starting udev Coldplug all Devices...
[   21.214261] systemd[1]: Started Nameserver information manager.
[[0;32m  OK  [0m] Started Nameserver information manager.
[   21.465364] Loading iSCSI transport class v2.0-870.
[   21.573691] systemd[1]: Started Load/Save Random Seed.
[[0;32m  OK  [0m] Started Load/Save Random Seed.
[   22.214850] systemd[1]: Started Journal Service.
[[0;32m  OK  [0m] Started Journal Service.
[   22.301411] iscsi: registered transport (tcp)
         Starting Flush Journal to Persistent Storage...
[[0;32m  OK  [0m] Started LVM2 metadata daemon.
[[0;32m  OK  [0m] Started udev Coldplug all Devices.
[   22.586765] systemd-journald[370]: Received request to flush runtime journal from PID 1
[[0;32m  OK  [0m] Started Flush Journal to Persistent Storage.
[[0;32m  OK  [0m] Started Set console keymap.
[   23.205412] iscsi: registered transport (iser)
[[0;32m  OK  [0m] Started Load Kernel Modules.
         Mounting FUSE Control File System...
         Starting Apply Kernel Variables...
[[0;32m  OK  [0m] Mounted FUSE Control File System.
[[0;32m  OK  [0m] Started Monitoring of LVM2 mirrors,...ng dmeventd or progress polling.
[[0;32m  OK  [0m] Started Create Static Device Nodes in /dev.
[[0;32m  OK  [0m] Reached target Local File Systems (Pre).
[[0;32m  OK  [0m] Reached target Local File Systems.
         Starting LSB: AppArmor initialization...
         Starting Initial cloud-init job (pre-networking)...
         Starting Tell Plymouth To Write Out Runtime Data...
         Starting Set console font and keymap...
         Starting Create Volatile Files and Directories...
         Starting udev Kernel Device Manager...
[[0;32m  OK  [0m] Started Apply Kernel Variables.
[[0;32m  OK  [0m] Started Tell Plymouth To Write Out Runtime Data.
[[0;32m  OK  [0m] Started Create Volatile Files and Directories.
         Starting Update UTMP about System Boot/Shutdown...
[[0;32m  OK  [0m] Started Update UTMP about System Boot/Shutdown.
[[0;32m  OK  [0m] Started udev Kernel Device Manager.
[[0;32m  OK  [0m] Started Dispatch Password Requests to Console Directory Watch.
[[0;32m  OK  [0m] Started Set console font and keymap.
[[0;32m  OK  [0m] Created slice system-getty.slice.
[[0;32m  OK  [0m] Found device /dev/ttyS0.
[[0;32m  OK  [0m] Listening on Load/Save RF Kill Switch Status /dev/rfkill Watch.
[[0;32m  OK  [0m] Started LSB: AppArmor initialization.
[[0;32m  OK  [0m] Found device 82540EM Gigabit Ethern...r (PRO/1000 MT Desktop Adapter).
[[0;32m  OK  [0m] Found device 82540EM Gigabit Ethern...r (PRO/1000 MT Desktop Adapter).
[   43.354665] cloud-init[470]: Cloud-init v. 18.5-45-g3554ffe8-0ubuntu1~16.04.1 running 'init-local' at Sat, 04 May 2019 13:48:30 +0000. Up 40.11 seconds.
[[0;32m  OK  [0m] Started Initial cloud-init job (pre-networking).
[[0;32m  OK  [0m] Reached target Network (Pre).
[[0;32m  OK  [0m] Started ifup for enp0s3.
         Starting Raise network interfaces...
[[0;32m  OK  [0m] Started ifup for enp0s8.
[[0;32m  OK  [0m] Started Raise network interfaces.
         Starting Initial cloud-init job (metadata service crawler)...
[[0;32m  OK  [0m] Reached target Network.
[   47.920143] cloud-init[1084]: Cloud-init v. 18.5-45-g3554ffe8-0ubuntu1~16.04.1 running 'init' at Sat, 04 May 2019 13:48:36 +0000. Up 45.87 seconds.
[   47.942080] cloud-init[1084]: ci-info: ++++++++++++++++++++++++++++++++++++++Net device info+++++++++++++++++++++++++++++++++++++++
[   47.952877] cloud-init[1084]: ci-info: +--------+------+-----------------------------+---------------+--------+-------------------+
[   47.977401] cloud-init[1084]: ci-info: | Device |  Up  |           Address           |      Mask     | Scope  |     Hw-Address    |
[   47.985519] cloud-init[1084]: ci-info: +--------+------+-----------------------------+---------------+--------+-------------------+
[   48.001319] cloud-init[1084]: ci-info: | enp0s3 | True |          10.0.2.15          | 255.255.255.0 | global | 02:ff:01:e3:7b:4e |
[   48.017460] cloud-init[1084]: ci-info: | enp0s3 | True |  fe80::ff:1ff:fee3:7b4e/64  |       .       |  link  | 02:ff:01:e3:7b:4e |
[   48.024771] cloud-init[1084]: ci-info: | enp0s8 | True |        192.168.33.11        | 255.255.255.0 | global | 08:00:27:33:14:f6 |
[   48.034822] cloud-init[1084]: ci-info: | enp0s8 | True | fe80::a00:27ff:fe33:14f6/64 |       .       |  link  | 08:00:27:33:14:f6 |
[   48.045673] cloud-init[1084]: ci-info: |   lo   | True |          127.0.0.1          |   255.0.0.0   |  host  |         .         |
[   48.061360] cloud-init[1084]: ci-info: |   lo   | True |           ::1/128           |       .       |  host  |         .         |
[   48.081589] cloud-init[1084]: ci-info: +--------+------+-----------------------------+---------------+--------+-------------------+
[   48.090275] cloud-init[1084]: ci-info: ++++++++++++++++++++++++++++Route IPv4 info++++++++++++++++++++++++++++
[   48.101416] cloud-init[1084]: ci-info: +-------+--------------+----------+---------------+-----------+-------+
[   48.117748] cloud-init[1084]: ci-info: | Route | Destination  | Gateway  |    Genmask    | Interface | Flags |
[   48.125605] cloud-init[1084]: ci-info: +-------+--------------+----------+---------------+-----------+-------+
[   48.131790] cloud-init[1084]: ci-info: |   0   |   0.0.0.0    | 10.0.2.2 |    0.0.0.0    |   enp0s3  |   UG  |
[   48.141314] cloud-init[1084]: ci-info: |   1   |   10.0.2.0   | 0.0.0.0  | 255.255.255.0 |   enp0s3  |   U   |
[   48.149347] cloud-init[1084]: ci-info: |   2   | 192.168.33.0 | 0.0.0.0  | 255.255.255.0 |   enp0s8  |   U   |
[   48.157172] cloud-init[1084]: ci-info: +-------+--------------+----------+---------------+-----------+-------+
[   48.164487] [[0;32m  OK  [0m] Started Initial cloud-init job (metadata service crawler).
[[0;32m  OK  [0m] Reached target Cloud-config availability.
[[0;32m  OK  [0m] Reached target Network is Online.
cloud-init[1084]: ci-info: +++++++++++++++++++Route IPv6 info+++++++++++++++++++
[   48.181924] cloud-init[1084]: ci-info: +-------+-------------+---------+-----------+-------+         Starting iSCSI initiator daemon (iscsid)...
[[0;32m  OK  [0m] Reached target System Initialization.
         Starting Socket activation for snappy daemon.
[[0;32m  OK  [0m] Listening on UUID daemon activation socket.

[   48.201566] cloud-init[1084]: ci-info: | Route | Destination | Gateway | Interface | Flags |
[   48.207509] cloud-init[1084]: ci-info: +-------+-------------+---------+-----------+-------+
[   48.214877] cloud-init[1084]: ci-info: |   0   |  fe80::/64  |    ::   |   enp0s8  |   U   |
[[0;32m  OK  [0m] Started ACPI Events Check.
[[0;32m  OK  [0m] Reached target Paths.
[   48.222007] cloud-init[1084]: ci-info: |   1   |  fe80::/64  |    ::   |   enp0s3  |   U   |
[   48.232261] cloud-init[1084]: ci-info: |   6   |   ff00::/8  |    ::   |   enp0s8  |   U   |
[   48.235637] cloud-init[1084]: ci-info: |   7   |   ff00::/8  |    ::   |   enp0s3  |   U   |
[   48.240735] cloud-init[1084]: ci-info: +-------+-------------+---------+-----------+-------+
[[0;32m  OK  [0m] Started Daily apt download activities.
[[0;32m  OK  [0m] Started Daily apt upgrade and clean activities.
[[0;32m  OK  [0m] Listening on D-Bus System Message Bus Socket.
[[0;32m  OK  [0m] Started Clean PHP session files every 30 mins.
         Starting LXD - unix socket.
[[0;32m  OK  [0m] Started Daily Cleanup of Temporary Directories.
[[0;32m  OK  [0m] Reached target Timers.
[[0;32m  OK  [0m] Listening on ACPID Listen Socket.
[[0;32m  OK  [0m] Listening on Socket activation for snappy daemon.
[[0;32m  OK  [0m] Listening on LXD - unix socket.
[[0;32m  OK  [0m] Started iSCSI initiator daemon (iscsid).
         Starting Login to default iSCSI targets...
[[0;32m  OK  [0m] Reached target Sockets.
[[0;32m  OK  [0m] Reached target Basic System.
[[0;32m  OK  [0m] Started Regular background program processing daemon.
         Starting Login Service...
         Starting OpenBSD Secure Shell server...
[[0;32m  OK  [0m] Started FUSE filesystem for LXC.
         Starting System Logging Service...
         Starting LSB: Record successful boot for GRUB...
[[0;32m  OK  [0m] Started ACPI event daemon.
[[0;32m  OK  [0m] Started D-Bus System Message Bus.
         Starting LXD - container startup/shutdown...
         Starting /etc/rc.local Compatibility...
         Starting Accounts Service...
         Starting A high performance web server and a reverse proxy server...
         Starting MySQL Community Server...
         Starting Clean php session files...
         Starting The PHP 7.1 FastCGI Process Manager...
         Starting Virtualbox guest utils...
         Starting Snappy daemon...
         Starting LSB: MD monitoring daemon...
[[0;32m  OK  [0m] Started Deferred execution scheduler.
[[0;32m  OK  [0m] Started System Logging Service.
[[0;32m  OK  [0m] Started /etc/rc.local Compatibility.
[[0;32m  OK  [0m] Started Login Service.
[[0;32m  OK  [0m] Started Unattended Upgrades Shutdown.
[[0;32m  OK  [0m] Started OpenBSD Secure Shell server.
[[0;32m  OK  [0m] Started LSB: Record successful boot for GRUB.
[[0;32m  OK  [0m] Started Login to default iSCSI targets.
[[0;32m  OK  [0m] Reached target Remote File Systems (Pre).
[[0;32m  OK  [0m] Reached target Remote File Systems.
         Starting LSB: Set the CPU Frequency Scaling governor to "ondemand"...
         Starting LSB: automatic crash report generation...
         Starting LSB: daemon to balance interrupts for SMP systems...
         Starting Permit User Sessions...
[[0;32m  OK  [0m] Started LSB: Set the CPU Frequency Scaling governor to "ondemand".
[[0;32m  OK  [0m] Started LSB: MD monitoring daemon.
[[0;32m  OK  [0m] Started Permit User Sessions.
         Starting Terminate Plymouth Boot Screen...
         Starting Hold until boot process finishes up...
[[0;32m  OK  [0m] Started Hold until boot process finishes up.
[[0;32m  OK  [0m] Started Terminate Plymouth Boot Screen.
[[0;32m  OK  [0m] Started Serial Getty on ttyS0.
[[0;32m  OK  [0m] Started Getty on tty1.
[[0;32m  OK  [0m] Reached target Login Prompts.
         Starting Set console scheme...
[[0;32m  OK  [0m] Started Set console scheme.
[[0;32m  OK  [0m] Started LSB: automatic crash report generation.
[[0;32m  OK  [0m] Started LSB: daemon to balance interrupts for SMP systems.

Ubuntu 16.04.6 LTS ubuntu-xenial ttyS0

ubuntu-xenial login: [   83.581169] cloud-init[1582]: Cloud-init v. 18.5-45-g3554ffe8-0ubuntu1~16.04.1 running 'modules:config' at Sat, 04 May 2019 13:49:12 +0000. Up 82.13 seconds.
[   99.036190] cloud-init[2006]: Cloud-init v. 18.5-45-g3554ffe8-0ubuntu1~16.04.1 running 'modules:final' at Sat, 04 May 2019 13:49:28 +0000. Up 98.45 seconds.
[   99.037061] cloud-init[2006]: Cloud-init v. 18.5-45-g3554ffe8-0ubuntu1~16.04.1 finished at Sat, 04 May 2019 13:49:29 +0000. Datasource DataSourceNoCloud [seed=/dev/sdb][dsmode=net].  Up 99.01 seconds
